This file contains any messages produced by compilers while
running configure, to aid debugging if configure makes a mistake.

It was created by configure, which was
generated by GNU Autoconf 2.68.  Invocation command line was

  $ ./configure --prefix=/home/dada/workspace/git/manycell/manycell-core/lib --no-create --no-recursion

## --------- ##
## Platform. ##
## --------- ##

hostname = dada
uname -m = i686
uname -r = 2.6.37.6-0.11-desktop
uname -s = Linux
uname -v = #1 SMP PREEMPT 2011-12-19 23:39:38 +0100

/usr/bin/uname -p = unknown
/bin/uname -X     = unknown

/bin/arch              = i686
/usr/bin/arch -k       = unknown
/usr/convex/getsysinfo = unknown
/usr/bin/hostinfo      = unknown
/bin/machine           = unknown
/usr/bin/oslevel       = unknown
/bin/universe          = unknown

PATH: /home/dada/tools/jdk1.6.0_25/bin
PATH: /home/dada/tools/apache-ant-1.7.1/bin
PATH: /home/dada/tools/copasi/copasi35/copasi/bin
PATH: /home/dada/tools/IDETools/eclipse
PATH: /home/dada/local/swig-2.0.4/bin
PATH: //home/dada/tools/FEM/elmerfem/bin
PATH: /home/dada/bin
PATH: /usr/local/bin
PATH: /usr/bin
PATH: /bin
PATH: /usr/bin/X11
PATH: /usr/X11R6/bin
PATH: /usr/games
PATH: /opt/kde3/bin
PATH: /usr/lib/jvm/jre/bin
PATH: /usr/lib/mit/bin
PATH: /usr/lib/mit/sbin
PATH: /usr/lib/qt3/bin


## ----------- ##
## Core tests. ##
## ----------- ##

configure:2590: checking for a BSD-compatible install
configure:2658: result: /usr/bin/install -c
configure:2669: checking whether build environment is sane
configure:2719: result: yes
configure:2860: checking for a thread-safe mkdir -p
configure:2899: result: /bin/mkdir -p
configure:2912: checking for gawk
configure:2928: found /usr/bin/gawk
configure:2939: result: gawk
configure:2950: checking whether make sets $(MAKE)
configure:2972: result: yes
configure:3065: checking build system type
configure:3079: result: i686-pc-linux-gnu
configure:3099: checking host system type
configure:3112: result: i686-pc-linux-gnu
configure:3242: checking for gcc
configure:3258: found /usr/bin/gcc
configure:3269: result: gcc
configure:3498: checking for C compiler version
configure:3507: gcc --version >&5
gcc (SUSE Linux) 4.5.1 20101208 [gcc-4_5-branch revision 167585]
Copyright (C) 2010 Free Software Foundation, Inc.
This is free software; see the source for copying conditions.  There is NO
warranty; not even for MERCHANTABILITY or FITNESS FOR A PARTICULAR PURPOSE.

configure:3518: $? = 0
configure:3507: gcc -v >&5
Using built-in specs.
COLLECT_GCC=gcc
COLLECT_LTO_WRAPPER=/usr/lib/gcc/i586-suse-linux/4.5/lto-wrapper
Target: i586-suse-linux
Configured with: ../configure --prefix=/usr --infodir=/usr/share/info --mandir=/usr/share/man --libdir=/usr/lib --libexecdir=/usr/lib --enable-languages=c,c++,objc,fortran,obj-c++,java,ada --enable-checking=release --with-gxx-include-dir=/usr/include/c++/4.5 --enable-ssp --disable-libssp --disable-plugin --with-bugurl=http://bugs.opensuse.org/ --with-pkgversion='SUSE Linux' --disable-libgcj --disable-libmudflap --with-slibdir=/lib --with-system-zlib --enable-__cxa_atexit --enable-libstdcxx-allocator=new --disable-libstdcxx-pch --enable-version-specific-runtime-libs --program-suffix=-4.5 --enable-linux-futex --without-system-libunwind --enable-gold --with-plugin-ld=/usr/bin/gold --with-arch-32=i586 --with-tune=generic --build=i586-suse-linux
Thread model: posix
gcc version 4.5.1 20101208 [gcc-4_5-branch revision 167585] (SUSE Linux) 
configure:3518: $? = 0
configure:3507: gcc -V >&5
gcc: '-V' option must have argument
configure:3518: $? = 1
configure:3507: gcc -qversion >&5
gcc: unrecognized option '-qversion'
gcc: no input files
configure:3518: $? = 1
configure:3538: checking whether the C compiler works
configure:3560: gcc  -DLINUX   conftest.c  >&5
configure:3564: $? = 0
configure:3612: result: yes
configure:3615: checking for C compiler default output file name
configure:3617: result: a.out
configure:3623: checking for suffix of executables
configure:3630: gcc -o conftest  -DLINUX   conftest.c  >&5
configure:3634: $? = 0
configure:3656: result: 
configure:3678: checking whether we are cross compiling
configure:3686: gcc -o conftest  -DLINUX   conftest.c  >&5
configure:3690: $? = 0
configure:3697: ./conftest
configure:3701: $? = 0
configure:3716: result: no
configure:3721: checking for suffix of object files
configure:3743: gcc -c  -DLINUX  conftest.c >&5
configure:3747: $? = 0
configure:3768: result: o
configure:3772: checking whether we are using the GNU C compiler
configure:3791: gcc -c  -DLINUX  conftest.c >&5
configure:3791: $? = 0
configure:3800: result: yes
configure:3809: checking whether gcc accepts -g
configure:3829: gcc -c -g -DLINUX  conftest.c >&5
configure:3829: $? = 0
configure:3870: result: yes
configure:3887: checking for gcc option to accept ISO C89
configure:3951: gcc  -c -g -O2 -DLINUX  conftest.c >&5
configure:3951: $? = 0
configure:3964: result: none needed
configure:3995: checking for style of include used by make
configure:4023: result: GNU
configure:4048: checking dependency style of gcc
configure:4158: result: gcc3
configure:4231: checking for g++
configure:4247: found /usr/bin/g++
configure:4258: result: g++
configure:4285: checking for C++ compiler version
configure:4294: g++ --version >&5
g++ (SUSE Linux) 4.5.1 20101208 [gcc-4_5-branch revision 167585]
Copyright (C) 2010 Free Software Foundation, Inc.
This is free software; see the source for copying conditions.  There is NO
warranty; not even for MERCHANTABILITY or FITNESS FOR A PARTICULAR PURPOSE.

configure:4305: $? = 0
configure:4294: g++ -v >&5
Using built-in specs.
COLLECT_GCC=g++
COLLECT_LTO_WRAPPER=/usr/lib/gcc/i586-suse-linux/4.5/lto-wrapper
Target: i586-suse-linux
Configured with: ../configure --prefix=/usr --infodir=/usr/share/info --mandir=/usr/share/man --libdir=/usr/lib --libexecdir=/usr/lib --enable-languages=c,c++,objc,fortran,obj-c++,java,ada --enable-checking=release --with-gxx-include-dir=/usr/include/c++/4.5 --enable-ssp --disable-libssp --disable-plugin --with-bugurl=http://bugs.opensuse.org/ --with-pkgversion='SUSE Linux' --disable-libgcj --disable-libmudflap --with-slibdir=/lib --with-system-zlib --enable-__cxa_atexit --enable-libstdcxx-allocator=new --disable-libstdcxx-pch --enable-version-specific-runtime-libs --program-suffix=-4.5 --enable-linux-futex --without-system-libunwind --enable-gold --with-plugin-ld=/usr/bin/gold --with-arch-32=i586 --with-tune=generic --build=i586-suse-linux
Thread model: posix
gcc version 4.5.1 20101208 [gcc-4_5-branch revision 167585] (SUSE Linux) 
configure:4305: $? = 0
configure:4294: g++ -V >&5
g++: '-V' option must have argument
configure:4305: $? = 1
configure:4294: g++ -qversion >&5
g++: unrecognized option '-qversion'
g++: no input files
configure:4305: $? = 1
configure:4309: checking whether we are using the GNU C++ compiler
configure:4328: g++ -c  -DLINUX  conftest.cpp >&5
configure:4328: $? = 0
configure:4337: result: yes
configure:4346: checking whether g++ accepts -g
configure:4366: g++ -c -g -DLINUX  conftest.cpp >&5
configure:4366: $? = 0
configure:4407: result: yes
configure:4432: checking dependency style of g++
configure:4542: result: gcc3
configure:4610: checking for gfortran
configure:4626: found /usr/bin/gfortran
configure:4637: result: gfortran
configure:4663: checking for Fortran compiler version
configure:4672: gfortran --version >&5
GNU Fortran (SUSE Linux) 4.5.1 20101208 [gcc-4_5-branch revision 167585]
Copyright (C) 2010 Free Software Foundation, Inc.

GNU Fortran comes with NO WARRANTY, to the extent permitted by law.
You may redistribute copies of GNU Fortran
under the terms of the GNU General Public License.
For more information about these matters, see the file named COPYING

configure:4683: $? = 0
configure:4672: gfortran -v >&5
Using built-in specs.
COLLECT_GCC=gfortran
COLLECT_LTO_WRAPPER=/usr/lib/gcc/i586-suse-linux/4.5/lto-wrapper
Target: i586-suse-linux
Configured with: ../configure --prefix=/usr --infodir=/usr/share/info --mandir=/usr/share/man --libdir=/usr/lib --libexecdir=/usr/lib --enable-languages=c,c++,objc,fortran,obj-c++,java,ada --enable-checking=release --with-gxx-include-dir=/usr/include/c++/4.5 --enable-ssp --disable-libssp --disable-plugin --with-bugurl=http://bugs.opensuse.org/ --with-pkgversion='SUSE Linux' --disable-libgcj --disable-libmudflap --with-slibdir=/lib --with-system-zlib --enable-__cxa_atexit --enable-libstdcxx-allocator=new --disable-libstdcxx-pch --enable-version-specific-runtime-libs --program-suffix=-4.5 --enable-linux-futex --without-system-libunwind --enable-gold --with-plugin-ld=/usr/bin/gold --with-arch-32=i586 --with-tune=generic --build=i586-suse-linux
Thread model: posix
gcc version 4.5.1 20101208 [gcc-4_5-branch revision 167585] (SUSE Linux) 
configure:4683: $? = 0
configure:4672: gfortran -V >&5
gfortran: '-V' option must have argument
configure:4683: $? = 1
configure:4672: gfortran -qversion >&5
gfortran: unrecognized option '-qversion'
gfortran: no input files
configure:4683: $? = 1
configure:4692: checking whether we are using the GNU Fortran compiler
configure:4705: gfortran -c   conftest.F >&5
configure:4705: $? = 0
configure:4714: result: yes
configure:4720: checking whether gfortran accepts -g
configure:4731: gfortran -c -g  conftest.f >&5
configure:4731: $? = 0
configure:4739: result: yes
configure:4816: checking for g77
configure:4846: result: no
configure:4816: checking for xlf
configure:4846: result: no
configure:4816: checking for f77
configure:4846: result: no
configure:4816: checking for frt
configure:4846: result: no
configure:4816: checking for pgf77
configure:4846: result: no
configure:4816: checking for cf77
configure:4846: result: no
configure:4816: checking for fort77
configure:4846: result: no
configure:4816: checking for fl32
configure:4846: result: no
configure:4816: checking for af77
configure:4846: result: no
configure:4816: checking for xlf90
configure:4846: result: no
configure:4816: checking for f90
configure:4846: result: no
configure:4816: checking for pgf90
configure:4846: result: no
configure:4816: checking for pghpf
configure:4846: result: no
configure:4816: checking for epcf90
configure:4846: result: no
configure:4816: checking for gfortran
configure:4832: found /usr/bin/gfortran
configure:4843: result: gfortran
configure:4869: checking for Fortran 77 compiler version
configure:4878: gfortran --version >&5
GNU Fortran (SUSE Linux) 4.5.1 20101208 [gcc-4_5-branch revision 167585]
Copyright (C) 2010 Free Software Foundation, Inc.

GNU Fortran comes with NO WARRANTY, to the extent permitted by law.
You may redistribute copies of GNU Fortran
under the terms of the GNU General Public License.
For more information about these matters, see the file named COPYING

configure:4889: $? = 0
configure:4878: gfortran -v >&5
Using built-in specs.
COLLECT_GCC=gfortran
COLLECT_LTO_WRAPPER=/usr/lib/gcc/i586-suse-linux/4.5/lto-wrapper
Target: i586-suse-linux
Configured with: ../configure --prefix=/usr --infodir=/usr/share/info --mandir=/usr/share/man --libdir=/usr/lib --libexecdir=/usr/lib --enable-languages=c,c++,objc,fortran,obj-c++,java,ada --enable-checking=release --with-gxx-include-dir=/usr/include/c++/4.5 --enable-ssp --disable-libssp --disable-plugin --with-bugurl=http://bugs.opensuse.org/ --with-pkgversion='SUSE Linux' --disable-libgcj --disable-libmudflap --with-slibdir=/lib --with-system-zlib --enable-__cxa_atexit --enable-libstdcxx-allocator=new --disable-libstdcxx-pch --enable-version-specific-runtime-libs --program-suffix=-4.5 --enable-linux-futex --without-system-libunwind --enable-gold --with-plugin-ld=/usr/bin/gold --with-arch-32=i586 --with-tune=generic --build=i586-suse-linux
Thread model: posix
gcc version 4.5.1 20101208 [gcc-4_5-branch revision 167585] (SUSE Linux) 
configure:4889: $? = 0
configure:4878: gfortran -V >&5
gfortran: '-V' option must have argument
configure:4889: $? = 1
configure:4878: gfortran -qversion >&5
gfortran: unrecognized option '-qversion'
gfortran: no input files
configure:4889: $? = 1
configure:4898: checking whether we are using the GNU Fortran 77 compiler
configure:4911: gfortran -c  conftest.F >&5
configure:4911: $? = 0
configure:4920: result: yes
configure:4926: checking whether gfortran accepts -g
configure:4937: gfortran -c -g conftest.f >&5
configure:4937: $? = 0
configure:4945: result: yes
configure:4999: checking for a sed that does not truncate output
configure:5063: result: /usr/bin/sed
configure:5081: checking for grep that handles long lines and -e
configure:5139: result: /usr/bin/grep
configure:5144: checking for egrep
configure:5206: result: /usr/bin/grep -E
configure:5211: checking for fgrep
configure:5273: result: /usr/bin/grep -F
configure:5308: checking for ld used by gcc
configure:5375: result: /usr/i586-suse-linux/bin/ld
configure:5382: checking if the linker (/usr/i586-suse-linux/bin/ld) is GNU ld
configure:5397: result: yes
configure:5409: checking for BSD- or MS-compatible name lister (nm)
configure:5458: result: /usr/bin/nm -B
configure:5576: checking the name lister (/usr/bin/nm -B) interface
configure:5583: gcc -c -g -O2 -DLINUX  conftest.c >&5
configure:5586: /usr/bin/nm -B "conftest.o"
configure:5589: output
00000000 B some_variable
configure:5596: result: BSD nm
configure:5599: checking whether ln -s works
configure:5603: result: yes
configure:5611: checking the maximum length of command line arguments
configure:5731: result: 1572864
configure:5748: checking whether the shell understands some XSI constructs
configure:5758: result: yes
configure:5762: checking whether the shell understands "+="
configure:5768: result: yes
configure:5803: checking for /usr/i586-suse-linux/bin/ld option to reload object files
configure:5810: result: -r
configure:5879: checking for objdump
configure:5895: found /usr/bin/objdump
configure:5906: result: objdump
configure:5938: checking how to recognize dependent libraries
configure:6134: result: pass_all
configure:6194: checking for ar
configure:6210: found /usr/bin/ar
configure:6221: result: ar
configure:6299: checking for strip
configure:6315: found /usr/bin/strip
configure:6326: result: strip
configure:6398: checking for ranlib
configure:6414: found /usr/bin/ranlib
configure:6425: result: ranlib
configure:6515: checking command to parse /usr/bin/nm -B output from gcc object
configure:6633: gcc -c -g -O2 -DLINUX  conftest.c >&5
configure:6636: $? = 0
configure:6640: /usr/bin/nm -B conftest.o \| sed -n -e 's/^.*[	 ]\([ABCDGIRSTW][ABCDGIRSTW]*\)[	 ][	 ]*\([_A-Za-z][_A-Za-z0-9]*\)$/\1 \2 \2/p' \> conftest.nm
configure:6643: $? = 0
configure:6697: gcc -o conftest -g -O2 -DLINUX   conftest.c conftstm.o >&5
configure:6700: $? = 0
configure:6738: result: ok
configure:7547: checking how to run the C preprocessor
configure:7578: gcc -E -DLINUX  conftest.c
configure:7578: $? = 0
configure:7592: gcc -E -DLINUX  conftest.c
conftest.c:13:28: fatal error: ac_nonexistent.h: No such file or directory
compilation terminated.
configure:7592: $? = 1
configure: failed program was:
| /* confdefs.h */
| #define PACKAGE_NAME ""
| #define PACKAGE_TARNAME ""
| #define PACKAGE_VERSION ""
| #define PACKAGE_STRING ""
| #define PACKAGE_BUGREPORT ""
| #define PACKAGE_URL ""
| #define PACKAGE "mssimulator-1.0"
| #define VERSION "1.0.1"
| #define RUN_LDPATH 1
| #define RUN_LDPATH 1
| /* end confdefs.h.  */
| #include <ac_nonexistent.h>
configure:7617: result: gcc -E
configure:7637: gcc -E -DLINUX  conftest.c
configure:7637: $? = 0
configure:7651: gcc -E -DLINUX  conftest.c
conftest.c:13:28: fatal error: ac_nonexistent.h: No such file or directory
compilation terminated.
configure:7651: $? = 1
configure: failed program was:
| /* confdefs.h */
| #define PACKAGE_NAME ""
| #define PACKAGE_TARNAME ""
| #define PACKAGE_VERSION ""
| #define PACKAGE_STRING ""
| #define PACKAGE_BUGREPORT ""
| #define PACKAGE_URL ""
| #define PACKAGE "mssimulator-1.0"
| #define VERSION "1.0.1"
| #define RUN_LDPATH 1
| #define RUN_LDPATH 1
| /* end confdefs.h.  */
| #include <ac_nonexistent.h>
configure:7680: checking for ANSI C header files
configure:7700: gcc -c -g -O2 -DLINUX  conftest.c >&5
configure:7700: $? = 0
configure:7773: gcc -o conftest -g -O2 -DLINUX   conftest.c  >&5
configure:7773: $? = 0
configure:7773: ./conftest
configure:7773: $? = 0
configure:7784: result: yes
configure:7797: checking for sys/types.h
configure:7797: gcc -c -g -O2 -DLINUX  conftest.c >&5
configure:7797: $? = 0
configure:7797: result: yes
configure:7797: checking for sys/stat.h
configure:7797: gcc -c -g -O2 -DLINUX  conftest.c >&5
configure:7797: $? = 0
configure:7797: result: yes
configure:7797: checking for stdlib.h
configure:7797: gcc -c -g -O2 -DLINUX  conftest.c >&5
configure:7797: $? = 0
configure:7797: result: yes
configure:7797: checking for string.h
configure:7797: gcc -c -g -O2 -DLINUX  conftest.c >&5
configure:7797: $? = 0
configure:7797: result: yes
configure:7797: checking for memory.h
configure:7797: gcc -c -g -O2 -DLINUX  conftest.c >&5
configure:7797: $? = 0
configure:7797: result: yes
configure:7797: checking for strings.h
configure:7797: gcc -c -g -O2 -DLINUX  conftest.c >&5
configure:7797: $? = 0
configure:7797: result: yes
configure:7797: checking for inttypes.h
configure:7797: gcc -c -g -O2 -DLINUX  conftest.c >&5
configure:7797: $? = 0
configure:7797: result: yes
configure:7797: checking for stdint.h
configure:7797: gcc -c -g -O2 -DLINUX  conftest.c >&5
configure:7797: $? = 0
configure:7797: result: yes
configure:7797: checking for unistd.h
configure:7797: gcc -c -g -O2 -DLINUX  conftest.c >&5
configure:7797: $? = 0
configure:7797: result: yes
configure:7811: checking for dlfcn.h
configure:7811: gcc -c -g -O2 -DLINUX  conftest.c >&5
configure:7811: $? = 0
configure:7811: result: yes
configure:7936: checking for C++ compiler version
configure:7945: g++ --version >&5
g++ (SUSE Linux) 4.5.1 20101208 [gcc-4_5-branch revision 167585]
Copyright (C) 2010 Free Software Foundation, Inc.
This is free software; see the source for copying conditions.  There is NO
warranty; not even for MERCHANTABILITY or FITNESS FOR A PARTICULAR PURPOSE.

configure:7956: $? = 0
configure:7945: g++ -v >&5
Using built-in specs.
COLLECT_GCC=g++
COLLECT_LTO_WRAPPER=/usr/lib/gcc/i586-suse-linux/4.5/lto-wrapper
Target: i586-suse-linux
Configured with: ../configure --prefix=/usr --infodir=/usr/share/info --mandir=/usr/share/man --libdir=/usr/lib --libexecdir=/usr/lib --enable-languages=c,c++,objc,fortran,obj-c++,java,ada --enable-checking=release --with-gxx-include-dir=/usr/include/c++/4.5 --enable-ssp --disable-libssp --disable-plugin --with-bugurl=http://bugs.opensuse.org/ --with-pkgversion='SUSE Linux' --disable-libgcj --disable-libmudflap --with-slibdir=/lib --with-system-zlib --enable-__cxa_atexit --enable-libstdcxx-allocator=new --disable-libstdcxx-pch --enable-version-specific-runtime-libs --program-suffix=-4.5 --enable-linux-futex --without-system-libunwind --enable-gold --with-plugin-ld=/usr/bin/gold --with-arch-32=i586 --with-tune=generic --build=i586-suse-linux
Thread model: posix
gcc version 4.5.1 20101208 [gcc-4_5-branch revision 167585] (SUSE Linux) 
configure:7956: $? = 0
configure:7945: g++ -V >&5
g++: '-V' option must have argument
configure:7956: $? = 1
configure:7945: g++ -qversion >&5
g++: unrecognized option '-qversion'
g++: no input files
configure:7956: $? = 1
configure:7960: checking whether we are using the GNU C++ compiler
configure:7988: result: yes
configure:7997: checking whether g++ accepts -g
configure:8058: result: yes
configure:8083: checking dependency style of g++
configure:8193: result: gcc3
configure:8216: checking how to run the C++ preprocessor
configure:8243: g++ -E -DLINUX  conftest.cpp
configure:8243: $? = 0
configure:8257: g++ -E -DLINUX  conftest.cpp
conftest.cpp:24:28: fatal error: ac_nonexistent.h: No such file or directory
compilation terminated.
configure:8257: $? = 1
configure: failed program was:
| /* confdefs.h */
| #define PACKAGE_NAME ""
| #define PACKAGE_TARNAME ""
| #define PACKAGE_VERSION ""
| #define PACKAGE_STRING ""
| #define PACKAGE_BUGREPORT ""
| #define PACKAGE_URL ""
| #define PACKAGE "mssimulator-1.0"
| #define VERSION "1.0.1"
| #define RUN_LDPATH 1
| #define RUN_LDPATH 1
| #define STDC_HEADERS 1
| #define HAVE_SYS_TYPES_H 1
| #define HAVE_SYS_STAT_H 1
| #define HAVE_STDLIB_H 1
| #define HAVE_STRING_H 1
| #define HAVE_MEMORY_H 1
| #define HAVE_STRINGS_H 1
| #define HAVE_INTTYPES_H 1
| #define HAVE_STDINT_H 1
| #define HAVE_UNISTD_H 1
| #define HAVE_DLFCN_H 1
| /* end confdefs.h.  */
| #include <ac_nonexistent.h>
configure:8282: result: g++ -E
configure:8302: g++ -E -DLINUX  conftest.cpp
configure:8302: $? = 0
configure:8316: g++ -E -DLINUX  conftest.cpp
conftest.cpp:24:28: fatal error: ac_nonexistent.h: No such file or directory
compilation terminated.
configure:8316: $? = 1
configure: failed program was:
| /* confdefs.h */
| #define PACKAGE_NAME ""
| #define PACKAGE_TARNAME ""
| #define PACKAGE_VERSION ""
| #define PACKAGE_STRING ""
| #define PACKAGE_BUGREPORT ""
| #define PACKAGE_URL ""
| #define PACKAGE "mssimulator-1.0"
| #define VERSION "1.0.1"
| #define RUN_LDPATH 1
| #define RUN_LDPATH 1
| #define STDC_HEADERS 1
| #define HAVE_SYS_TYPES_H 1
| #define HAVE_SYS_STAT_H 1
| #define HAVE_STDLIB_H 1
| #define HAVE_STRING_H 1
| #define HAVE_MEMORY_H 1
| #define HAVE_STRINGS_H 1
| #define HAVE_INTTYPES_H 1
| #define HAVE_STDINT_H 1
| #define HAVE_UNISTD_H 1
| #define HAVE_DLFCN_H 1
| /* end confdefs.h.  */
| #include <ac_nonexistent.h>
configure:8457: checking for Fortran 77 compiler version
configure:8466: gfortran --version >&5
GNU Fortran (SUSE Linux) 4.5.1 20101208 [gcc-4_5-branch revision 167585]
Copyright (C) 2010 Free Software Foundation, Inc.

GNU Fortran comes with NO WARRANTY, to the extent permitted by law.
You may redistribute copies of GNU Fortran
under the terms of the GNU General Public License.
For more information about these matters, see the file named COPYING

configure:8477: $? = 0
configure:8466: gfortran -v >&5
Using built-in specs.
COLLECT_GCC=gfortran
COLLECT_LTO_WRAPPER=/usr/lib/gcc/i586-suse-linux/4.5/lto-wrapper
Target: i586-suse-linux
Configured with: ../configure --prefix=/usr --infodir=/usr/share/info --mandir=/usr/share/man --libdir=/usr/lib --libexecdir=/usr/lib --enable-languages=c,c++,objc,fortran,obj-c++,java,ada --enable-checking=release --with-gxx-include-dir=/usr/include/c++/4.5 --enable-ssp --disable-libssp --disable-plugin --with-bugurl=http://bugs.opensuse.org/ --with-pkgversion='SUSE Linux' --disable-libgcj --disable-libmudflap --with-slibdir=/lib --with-system-zlib --enable-__cxa_atexit --enable-libstdcxx-allocator=new --disable-libstdcxx-pch --enable-version-specific-runtime-libs --program-suffix=-4.5 --enable-linux-futex --without-system-libunwind --enable-gold --with-plugin-ld=/usr/bin/gold --with-arch-32=i586 --with-tune=generic --build=i586-suse-linux
Thread model: posix
gcc version 4.5.1 20101208 [gcc-4_5-branch revision 167585] (SUSE Linux) 
configure:8477: $? = 0
configure:8466: gfortran -V >&5
gfortran: '-V' option must have argument
configure:8477: $? = 1
configure:8466: gfortran -qversion >&5
gfortran: unrecognized option '-qversion'
gfortran: no input files
configure:8477: $? = 1
configure:8486: checking whether we are using the GNU Fortran 77 compiler
configure:8508: result: yes
configure:8514: checking whether gfortran accepts -g
configure:8533: result: yes
configure:8676: checking for Fortran compiler version
configure:8685: gfortran --version >&5
GNU Fortran (SUSE Linux) 4.5.1 20101208 [gcc-4_5-branch revision 167585]
Copyright (C) 2010 Free Software Foundation, Inc.

GNU Fortran comes with NO WARRANTY, to the extent permitted by law.
You may redistribute copies of GNU Fortran
under the terms of the GNU General Public License.
For more information about these matters, see the file named COPYING

configure:8696: $? = 0
configure:8685: gfortran -v >&5
Using built-in specs.
COLLECT_GCC=gfortran
COLLECT_LTO_WRAPPER=/usr/lib/gcc/i586-suse-linux/4.5/lto-wrapper
Target: i586-suse-linux
Configured with: ../configure --prefix=/usr --infodir=/usr/share/info --mandir=/usr/share/man --libdir=/usr/lib --libexecdir=/usr/lib --enable-languages=c,c++,objc,fortran,obj-c++,java,ada --enable-checking=release --with-gxx-include-dir=/usr/include/c++/4.5 --enable-ssp --disable-libssp --disable-plugin --with-bugurl=http://bugs.opensuse.org/ --with-pkgversion='SUSE Linux' --disable-libgcj --disable-libmudflap --with-slibdir=/lib --with-system-zlib --enable-__cxa_atexit --enable-libstdcxx-allocator=new --disable-libstdcxx-pch --enable-version-specific-runtime-libs --program-suffix=-4.5 --enable-linux-futex --without-system-libunwind --enable-gold --with-plugin-ld=/usr/bin/gold --with-arch-32=i586 --with-tune=generic --build=i586-suse-linux
Thread model: posix
gcc version 4.5.1 20101208 [gcc-4_5-branch revision 167585] (SUSE Linux) 
configure:8696: $? = 0
configure:8685: gfortran -V >&5
gfortran: '-V' option must have argument
configure:8696: $? = 1
configure:8685: gfortran -qversion >&5
gfortran: unrecognized option '-qversion'
gfortran: no input files
configure:8696: $? = 1
configure:8705: checking whether we are using the GNU Fortran compiler
configure:8727: result: yes
configure:8733: checking whether gfortran accepts -g
configure:8752: result: yes
configure:8955: checking for objdir
configure:8970: result: .libs
configure:9266: checking if gcc supports -fno-rtti -fno-exceptions
configure:9284: gcc -c -g -O2 -DLINUX  -fno-rtti -fno-exceptions conftest.c >&5
cc1: warning: command line option "-fno-rtti" is valid for C++/ObjC++ but not for C
configure:9288: $? = 0
configure:9301: result: no
configure:9321: checking for gcc option to produce PIC
configure:9593: result: -fPIC -DPIC
configure:9605: checking if gcc PIC flag -fPIC -DPIC works
configure:9623: gcc -c -g -O2 -DLINUX  -fPIC -DPIC -DPIC conftest.c >&5
configure:9627: $? = 0
configure:9640: result: yes
configure:9664: checking if gcc static flag -static works
configure:9692: result: yes
configure:9707: checking if gcc supports -c -o file.o
configure:9728: gcc -c -g -O2 -DLINUX  -o out/conftest2.o conftest.c >&5
configure:9732: $? = 0
configure:9754: result: yes
configure:9762: checking if gcc supports -c -o file.o
configure:9809: result: yes
configure:9842: checking whether the gcc linker (/usr/i586-suse-linux/bin/ld) supports shared libraries
configure:10829: result: yes
configure:10866: checking whether -lc should be explicitly linked in
configure:10871: gcc -c -g -O2 -DLINUX  conftest.c >&5
configure:10874: $? = 0
configure:10889: gcc -shared conftest.o  -v -Wl,-soname -Wl,conftest -o conftest 2\>\&1 \| /usr/bin/grep  -lc  \>/dev/null 2\>\&1
configure:10892: $? = 0
configure:10904: result: no
configure:11068: checking dynamic linker characteristics
configure:11501: gcc -o conftest -g -O2 -DLINUX   -Wl,-rpath -Wl,/foo conftest.c  >&5
configure:11501: $? = 0
configure:11719: result: GNU/Linux ld.so
configure:11821: checking how to hardcode library paths into programs
configure:11846: result: immediate
configure:12366: checking whether stripping libraries is possible
configure:12371: result: yes
configure:12406: checking if libtool supports shared libraries
configure:12408: result: yes
configure:12411: checking whether to build shared libraries
configure:12432: result: yes
configure:12435: checking whether to build static libraries
configure:12439: result: yes
configure:12589: checking for ld used by g++
configure:12656: result: /usr/i586-suse-linux/bin/ld
configure:12663: checking if the linker (/usr/i586-suse-linux/bin/ld) is GNU ld
configure:12678: result: yes
configure:12733: checking whether the g++ linker (/usr/i586-suse-linux/bin/ld) supports shared libraries
configure:13646: result: yes
configure:13674: g++ -c -g -O2 -DLINUX  conftest.cpp >&5
configure:13677: $? = 0
configure:13859: checking for g++ option to produce PIC
configure:14176: result: -fPIC -DPIC
configure:14185: checking if g++ PIC flag -fPIC -DPIC works
configure:14203: g++ -c -g -O2 -DLINUX  -fPIC -DPIC -DPIC conftest.cpp >&5
configure:14207: $? = 0
configure:14220: result: yes
configure:14241: checking if g++ static flag -static works
configure:14269: result: yes
configure:14281: checking if g++ supports -c -o file.o
configure:14302: g++ -c -g -O2 -DLINUX  -o out/conftest2.o conftest.cpp >&5
configure:14306: $? = 0
configure:14328: result: yes
configure:14333: checking if g++ supports -c -o file.o
configure:14380: result: yes
configure:14410: checking whether the g++ linker (/usr/i586-suse-linux/bin/ld) supports shared libraries
configure:14436: result: yes
configure:14573: checking dynamic linker characteristics
configure:14954: g++ -o conftest -g -O2 -DLINUX   -Wl,-rpath -Wl,/foo conftest.cpp  >&5
configure:14954: $? = 0
configure:15172: result: GNU/Linux ld.so
configure:15223: checking how to hardcode library paths into programs
configure:15248: result: immediate
configure:15389: checking if libtool supports shared libraries
configure:15391: result: yes
configure:15394: checking whether to build shared libraries
configure:15414: result: yes
configure:15417: checking whether to build static libraries
configure:15421: result: yes
configure:15435: checking for gfortran option to produce PIC
configure:15707: result: -fPIC
configure:15716: checking if gfortran PIC flag -fPIC works
configure:15734: gfortran -c -g -O2 -fPIC conftest.f >&5
configure:15738: $? = 0
configure:15751: result: yes
configure:15772: checking if gfortran static flag -static works
configure:15800: result: yes
configure:15812: checking if gfortran supports -c -o file.o
configure:15833: gfortran -c -g -O2 -o out/conftest2.o conftest.f >&5
configure:15837: $? = 0
configure:15859: result: yes
configure:15864: checking if gfortran supports -c -o file.o
configure:15911: result: yes
configure:15941: checking whether the gfortran linker (/usr/i586-suse-linux/bin/ld) supports shared libraries
configure:16917: result: yes
configure:17054: checking dynamic linker characteristics
configure:17429: gfortran -o conftest -g -O2  -Wl,-rpath -Wl,/foo conftest.f  >&5
configure:17429: $? = 0
configure:17647: result: GNU/Linux ld.so
configure:17698: checking how to hardcode library paths into programs
configure:17723: result: immediate
configure:17859: checking if libtool supports shared libraries
configure:17861: result: yes
configure:17864: checking whether to build shared libraries
configure:17884: result: yes
configure:17887: checking whether to build static libraries
configure:17891: result: yes
configure:17917: gfortran -c -g -O2  conftest.f >&5
configure:17920: $? = 0
configure:18030: checking for gfortran option to produce PIC
configure:18302: result: -fPIC
configure:18311: checking if gfortran PIC flag -fPIC works
configure:18329: gfortran -c -g -O2 -fPIC  conftest.f >&5
configure:18333: $? = 0
configure:18346: result: yes
configure:18367: checking if gfortran static flag -static works
configure:18395: result: yes
configure:18407: checking if gfortran supports -c -o file.o
configure:18428: gfortran -c -g -O2 -o out/conftest2.o  conftest.f >&5
configure:18432: $? = 0
configure:18454: result: yes
configure:18459: checking if gfortran supports -c -o file.o
configure:18506: result: yes
configure:18536: checking whether the gfortran linker (/usr/i586-suse-linux/bin/ld) supports shared libraries
configure:19512: result: yes
configure:19649: checking dynamic linker characteristics
configure:20024: gfortran -o conftest -g -O2  -Wl,-rpath -Wl,/foo  conftest.f  >&5
configure:20024: $? = 0
configure:20242: result: GNU/Linux ld.so
configure:20293: checking how to hardcode library paths into programs
configure:20318: result: immediate
configure:20365: checking whether build environment is sane
configure:20415: result: yes
configure:20425: checking for bash
configure:20443: found /bin/bash
configure:20455: result: /bin/bash
configure:20463: checking if dolt supports this host
configure:20494: result: yes, replacing libtool
configure:20675: checking for ranlib
configure:20702: result: ranlib
configure:20889: creating ./config.status

## ---------------- ##
## Cache variables. ##
## ---------------- ##

ac_cv_build=i686-pc-linux-gnu
ac_cv_c_compiler_gnu=yes
ac_cv_cxx_compiler_gnu=yes
ac_cv_env_CCC_set=
ac_cv_env_CCC_value=
ac_cv_env_CC_set=
ac_cv_env_CC_value=
ac_cv_env_CFLAGS_set=
ac_cv_env_CFLAGS_value=
ac_cv_env_CPPFLAGS_set=
ac_cv_env_CPPFLAGS_value=
ac_cv_env_CPP_set=
ac_cv_env_CPP_value=
ac_cv_env_CXXCPP_set=
ac_cv_env_CXXCPP_value=
ac_cv_env_CXXFLAGS_set=
ac_cv_env_CXXFLAGS_value=
ac_cv_env_CXX_set=
ac_cv_env_CXX_value=
ac_cv_env_F77_set=
ac_cv_env_F77_value=
ac_cv_env_FCFLAGS_set=
ac_cv_env_FCFLAGS_value=
ac_cv_env_FC_set=
ac_cv_env_FC_value=
ac_cv_env_FFLAGS_set=
ac_cv_env_FFLAGS_value=
ac_cv_env_LDFLAGS_set=
ac_cv_env_LDFLAGS_value=
ac_cv_env_LIBS_set=
ac_cv_env_LIBS_value=
ac_cv_env_build_alias_set=
ac_cv_env_build_alias_value=
ac_cv_env_host_alias_set=
ac_cv_env_host_alias_value=
ac_cv_env_target_alias_set=
ac_cv_env_target_alias_value=
ac_cv_f77_compiler_gnu=yes
ac_cv_fc_compiler_gnu=yes
ac_cv_header_dlfcn_h=yes
ac_cv_header_inttypes_h=yes
ac_cv_header_memory_h=yes
ac_cv_header_stdc=yes
ac_cv_header_stdint_h=yes
ac_cv_header_stdlib_h=yes
ac_cv_header_string_h=yes
ac_cv_header_strings_h=yes
ac_cv_header_sys_stat_h=yes
ac_cv_header_sys_types_h=yes
ac_cv_header_unistd_h=yes
ac_cv_host=i686-pc-linux-gnu
ac_cv_objext=o
ac_cv_path_DOLT_BASH=/bin/bash
ac_cv_path_EGREP='/usr/bin/grep -E'
ac_cv_path_FGREP='/usr/bin/grep -F'
ac_cv_path_GREP=/usr/bin/grep
ac_cv_path_SED=/usr/bin/sed
ac_cv_path_install='/usr/bin/install -c'
ac_cv_path_mkdir=/bin/mkdir
ac_cv_prog_AWK=gawk
ac_cv_prog_CPP='gcc -E'
ac_cv_prog_CXXCPP='g++ -E'
ac_cv_prog_ac_ct_AR=ar
ac_cv_prog_ac_ct_CC=gcc
ac_cv_prog_ac_ct_CXX=g++
ac_cv_prog_ac_ct_F77=gfortran
ac_cv_prog_ac_ct_FC=gfortran
ac_cv_prog_ac_ct_OBJDUMP=objdump
ac_cv_prog_ac_ct_RANLIB=ranlib
ac_cv_prog_ac_ct_STRIP=strip
ac_cv_prog_cc_c89=
ac_cv_prog_cc_g=yes
ac_cv_prog_cxx_g=yes
ac_cv_prog_f77_g=yes
ac_cv_prog_fc_g=yes
ac_cv_prog_make_make_set=yes
am_cv_CC_dependencies_compiler_type=gcc3
am_cv_CXX_dependencies_compiler_type=gcc3
lt_cv_deplibs_check_method=pass_all
lt_cv_file_magic_cmd='$MAGIC_CMD'
lt_cv_file_magic_test_file=
lt_cv_ld_reload_flag=-r
lt_cv_nm_interface='BSD nm'
lt_cv_objdir=.libs
lt_cv_path_LD=/usr/i586-suse-linux/bin/ld
lt_cv_path_LDCXX=/usr/i586-suse-linux/bin/ld
lt_cv_path_NM='/usr/bin/nm -B'
lt_cv_prog_compiler_c_o=yes
lt_cv_prog_compiler_c_o_CXX=yes
lt_cv_prog_compiler_c_o_F77=yes
lt_cv_prog_compiler_c_o_FC=yes
lt_cv_prog_compiler_pic_works=yes
lt_cv_prog_compiler_pic_works_CXX=yes
lt_cv_prog_compiler_pic_works_F77=yes
lt_cv_prog_compiler_pic_works_FC=yes
lt_cv_prog_compiler_rtti_exceptions=no
lt_cv_prog_compiler_static_works=yes
lt_cv_prog_compiler_static_works_CXX=yes
lt_cv_prog_compiler_static_works_F77=yes
lt_cv_prog_compiler_static_works_FC=yes
lt_cv_prog_gnu_ld=yes
lt_cv_prog_gnu_ldcxx=yes
lt_cv_sys_global_symbol_pipe='sed -n -e '\''s/^.*[	 ]\([ABCDGIRSTW][ABCDGIRSTW]*\)[	 ][	 ]*\([_A-Za-z][_A-Za-z0-9]*\)$/\1 \2 \2/p'\'''
lt_cv_sys_global_symbol_to_c_name_address='sed -n -e '\''s/^: \([^ ]*\) $/  {\"\1\", (void *) 0},/p'\'' -e '\''s/^[ABCDGIRSTW]* \([^ ]*\) \([^ ]*\)$/  {"\2", (void *) \&\2},/p'\'''
lt_cv_sys_global_symbol_to_c_name_address_lib_prefix='sed -n -e '\''s/^: \([^ ]*\) $/  {\"\1\", (void *) 0},/p'\'' -e '\''s/^[ABCDGIRSTW]* \([^ ]*\) \(lib[^ ]*\)$/  {"\2", (void *) \&\2},/p'\'' -e '\''s/^[ABCDGIRSTW]* \([^ ]*\) \([^ ]*\)$/  {"lib\2", (void *) \&\2},/p'\'''
lt_cv_sys_global_symbol_to_cdecl='sed -n -e '\''s/^T .* \(.*\)$/extern int \1();/p'\'' -e '\''s/^[ABCDGIRSTW]* .* \(.*\)$/extern char \1;/p'\'''
lt_cv_sys_max_cmd_len=1572864

## ----------------- ##
## Output variables. ##
## ----------------- ##

ACLOCAL='${SHELL} /home/dada/myworkspace/manycell/manycell-core/missing --run aclocal-1.11'
AMDEPBACKSLASH='\'
AMDEP_FALSE='#'
AMDEP_TRUE=''
AMTAR='${SHELL} /home/dada/myworkspace/manycell/manycell-core/missing --run tar'
AR='ar'
AUTOCONF='${SHELL} /home/dada/myworkspace/manycell/manycell-core/missing --run autoconf'
AUTOHEADER='${SHELL} /home/dada/myworkspace/manycell/manycell-core/missing --run autoheader'
AUTOMAKE='${SHELL} /home/dada/myworkspace/manycell/manycell-core/missing --run automake-1.11'
AWK='gawk'
CC='gcc'
CCDEPMODE='depmode=gcc3'
CFLAGS='-g -O2'
CPP='gcc -E'
CPPFLAGS='-DLINUX '
CXX='g++'
CXXCPP='g++ -E'
CXXDEPMODE='depmode=gcc3'
CXXFLAGS='-g -O2'
CYGPATH_W='echo'
DEFS='-DHAVE_CONFIG_H'
DEPDIR='.deps'
DEPS_CFLAGS=''
DEPS_LIBS=''
DOLT_BASH='/bin/bash'
DSYMUTIL=''
DUMPBIN=''
ECHO_C=''
ECHO_N='-n'
ECHO_T=''
EGREP='/usr/bin/grep -E'
EXEEXT=''
F77='gfortran'
FC='gfortran'
FCFLAGS='-g -O2'
FFLAGS='-g -O2'
FGREP='/usr/bin/grep -F'
GREP='/usr/bin/grep'
HOST_TYPE='linux'
INSTALL_DATA='${INSTALL} -m 644'
INSTALL_PROGRAM='${INSTALL}'
INSTALL_SCRIPT='${INSTALL}'
INSTALL_STRIP_PROGRAM='$(install_sh) -c -s'
LD='/usr/i586-suse-linux/bin/ld'
LDFLAGS=''
LIBOBJS=''
LIBS=''
LIBTOOL='$(top_builddir)/doltlibtool'
LIPO=''
LN_S='ln -s'
LTCOMPILE='$(top_builddir)/doltcompile $(COMPILE)'
LTCXXCOMPILE='$(top_builddir)/doltcompile $(CXXCOMPILE)'
LTLIBOBJS=''
MAKEINFO='${SHELL} /home/dada/myworkspace/manycell/manycell-core/missing --run makeinfo'
MKDIR_P='/bin/mkdir -p'
NM='/usr/bin/nm -B'
NMEDIT=''
OBJDUMP='objdump'
OBJEXT='o'
OTOOL64=''
OTOOL=''
PACKAGE='mssimulator-1.0'
PACKAGE_BUGREPORT=''
PACKAGE_NAME=''
PACKAGE_STRING=''
PACKAGE_TARNAME=''
PACKAGE_URL=''
PACKAGE_VERSION=''
PATH_SEPARATOR=':'
RANLIB='ranlib'
RUN_LDPATH='/home/dada/tools/jdk1.6.0_25/lib:/home/dada/local/mssimulator/lib:/home/dada/tools/libsbml-4.0.1/lib:/home/dada/local/libsbrml/share/java:/home/dada/local/libsbrml/lib:/home/dada/tools/repast/jogl-2.0-b242-20101129-linux-i586:/home/dada/tools/repast/lib:/home/dada/tools/repast/jai-1_1_2_01/lib:/home/dada/tools/FEM/elmerfem/lib'
SED='/usr/bin/sed'
SET_MAKE=''
SHAREDLIBEXT='so'
SHELL='/bin/sh'
STRIP='strip'
VERSION='1.0.1'
ac_ct_CC='gcc'
ac_ct_CXX='g++'
ac_ct_DUMPBIN=''
ac_ct_F77='gfortran'
ac_ct_FC='gfortran'
am__EXEEXT_FALSE=''
am__EXEEXT_TRUE='#'
am__fastdepCC_FALSE='#'
am__fastdepCC_TRUE=''
am__fastdepCXX_FALSE='#'
am__fastdepCXX_TRUE=''
am__include='include'
am__isrc=''
am__leading_dot='.'
am__quote=''
am__tar='${AMTAR} chof - "$$tardir"'
am__untar='${AMTAR} xf -'
bindir='${exec_prefix}/bin'
build='i686-pc-linux-gnu'
build_alias=''
build_cpu='i686'
build_os='linux-gnu'
build_vendor='pc'
datadir='${datarootdir}'
datarootdir='${prefix}/share'
docdir='${datarootdir}/doc/${PACKAGE}'
dvidir='${docdir}'
exec_prefix='${prefix}'
host='i686-pc-linux-gnu'
host_alias=''
host_cpu='i686'
host_os='linux-gnu'
host_vendor='pc'
htmldir='${docdir}'
includedir='${prefix}/include'
infodir='${datarootdir}/info'
install_sh='${SHELL} /home/dada/myworkspace/manycell/manycell-core/install-sh'
libdir='${exec_prefix}/lib'
libexecdir='${exec_prefix}/libexec'
localedir='${datarootdir}/locale'
localstatedir='${prefix}/var'
lt_ECHO='echo'
mandir='${datarootdir}/man'
mkdir_p='/bin/mkdir -p'
oldincludedir='/usr/include'
pdfdir='${docdir}'
prefix='/home/dada/workspace/git/manycell/manycell-core/lib'
program_transform_name='s,x,x,'
psdir='${docdir}'
sbindir='${exec_prefix}/sbin'
sharedstatedir='${prefix}/com'
sysconfdir='${prefix}/etc'
target_alias=''

## ----------- ##
## confdefs.h. ##
## ----------- ##

/* confdefs.h */
#define PACKAGE_NAME ""
#define PACKAGE_TARNAME ""
#define PACKAGE_VERSION ""
#define PACKAGE_STRING ""
#define PACKAGE_BUGREPORT ""
#define PACKAGE_URL ""
#define PACKAGE "mssimulator-1.0"
#define VERSION "1.0.1"
#define RUN_LDPATH 1
#define RUN_LDPATH 1
#define STDC_HEADERS 1
#define HAVE_SYS_TYPES_H 1
#define HAVE_SYS_STAT_H 1
#define HAVE_STDLIB_H 1
#define HAVE_STRING_H 1
#define HAVE_MEMORY_H 1
#define HAVE_STRINGS_H 1
#define HAVE_INTTYPES_H 1
#define HAVE_STDINT_H 1
#define HAVE_UNISTD_H 1
#define HAVE_DLFCN_H 1
#define LT_OBJDIR ".libs/"

configure: exit 0

## ---------------------- ##
## Running config.status. ##
## ---------------------- ##

This file was extended by config.status, which was
generated by GNU Autoconf 2.68.  Invocation command line was

  CONFIG_FILES    = 
  CONFIG_HEADERS  = 
  CONFIG_LINKS    = 
  CONFIG_COMMANDS = 
  $ ./config.status 

on dada

config.status:1261: creating Makefile
config.status:1261: creating mssimulator/Makefile
config.status:1261: creating mssimulator/copasiwsclient/Makefile
config.status:1261: creating mssimulator/istabulator/Makefile
config.status:1261: creating mssimulator/psconnector/Makefile
config.status:1261: creating mssimulator/testapp/Makefile
config.status:1261: creating mssimulator/istabulator/ellipsoid/Makefile
config.status:1261: creating config.h
config.status:1442: config.h is unchanged
config.status:1490: executing depfiles commands
config.status:1490: executing libtool commands

## ---------------------- ##
## Running config.status. ##
## ---------------------- ##

This file was extended by config.status, which was
generated by GNU Autoconf 2.68.  Invocation command line was

  CONFIG_FILES    = 
  CONFIG_HEADERS  = 
  CONFIG_LINKS    = 
  CONFIG_COMMANDS = 
  $ ./config.status config.h

on dada

config.status:1261: creating config.h
config.status:1442: config.h is unchanged
