
**** Clean-only build of configuration Default for project manycell-core ****

make clean 
Making clean in mssimulator
make[1]: Entering directory `/home/dada/workspace/MANYCELL/manycell-core/mssimulator'
Making clean in testapp
make[2]: Entering directory `/home/dada/workspace/MANYCELL/manycell-core/mssimulator/testapp'
 rm -f testsimulator
rm -rf .libs _libs
rm -f *.o
rm -f *.lo
make[2]: Leaving directory `/home/dada/workspace/MANYCELL/manycell-core/mssimulator/testapp'
Making clean in psconnector
make[2]: Entering directory `/home/dada/workspace/MANYCELL/manycell-core/mssimulator/psconnector'
test -z "libpsconnector.la" || rm -f libpsconnector.la
rm -f "./so_locations"
rm -rf .libs _libs
rm -f *.o
rm -f *.lo
make[2]: Leaving directory `/home/dada/workspace/MANYCELL/manycell-core/mssimulator/psconnector'
Making clean in istabulator
make[2]: Entering directory `/home/dada/workspace/MANYCELL/manycell-core/mssimulator/istabulator'
Making clean in ellipsoid
make[3]: Entering directory `/home/dada/workspace/MANYCELL/manycell-core/mssimulator/istabulator/ellipsoid'
test -z "libellipsoid.la" || rm -f libellipsoid.la
rm -f "./so_locations"
rm -rf .libs _libs
rm -f *.o
rm -f *.lo
make[3]: Leaving directory `/home/dada/workspace/MANYCELL/manycell-core/mssimulator/istabulator/ellipsoid'
Making clean in .
make[3]: Entering directory `/home/dada/workspace/MANYCELL/manycell-core/mssimulator/istabulator'
test -z "libistabulator.la" || rm -f libistabulator.la
rm -f "./so_locations"
rm -rf .libs _libs
rm -f *.o
rm -f *.lo
make[3]: Leaving directory `/home/dada/workspace/MANYCELL/manycell-core/mssimulator/istabulator'
make[2]: Leaving directory `/home/dada/workspace/MANYCELL/manycell-core/mssimulator/istabulator'
Making clean in copasiwsclient
make[2]: Entering directory `/home/dada/workspace/MANYCELL/manycell-core/mssimulator/copasiwsclient'
test -z "libcopasiwsclient.la" || rm -f libcopasiwsclient.la
rm -f "./so_locations"
rm -rf .libs _libs
rm -f *.o
rm -f *.lo
make[2]: Leaving directory `/home/dada/workspace/MANYCELL/manycell-core/mssimulator/copasiwsclient'
Making clean in .
make[2]: Entering directory `/home/dada/workspace/MANYCELL/manycell-core/mssimulator'
rm -rf .libs _libs
rm -f *.lo
make[2]: Leaving directory `/home/dada/workspace/MANYCELL/manycell-core/mssimulator'
make[1]: Leaving directory `/home/dada/workspace/MANYCELL/manycell-core/mssimulator'
Making clean in .
make[1]: Entering directory `/home/dada/workspace/MANYCELL/manycell-core'
rm -rf .libs _libs
rm -f *.lo
make[1]: Leaving directory `/home/dada/workspace/MANYCELL/manycell-core'

**** Build Finished ****
